<?xml version="1.0" encoding="UTF-8"?>
<!-- Generated by org.testng.reporters.JUnitReportReporter -->
<testsuite skipped="0" hostname="TL1074" name="runner.RunnerClass" tests="2" failures="0" timestamp="2023-05-04T13:06:22 IST" time="13.387" errors="0">
  <testcase name="runScenario" time="4.468" classname="runner.RunnerClass"/>
  <system-out/>
  <testcase name="runScenario" time="8.919" classname="runner.RunnerClass"/>
  <system-out/>
</testsuite> <!-- runner.RunnerClass -->
